  Kalk_test.cpp
C:\Users\vojte\OneDrive - Západočeská univerzita v Plzni\Programing\C++\ZPEL_domaci_priprava\Kalk_test\Kalk_test.cpp(26,10): error C2365: Euler::vypocetCykly: předefinování; předchozí definice byla: datový člen.
C:\Users\vojte\OneDrive - Západočeská univerzita v Plzni\Programing\C++\ZPEL_domaci_priprava\Kalk_test\Kalk_test.cpp(8,12): message : viz deklarace: Euler::vypocetCykly
C:\Users\vojte\OneDrive - Západočeská univerzita v Plzni\Programing\C++\ZPEL_domaci_priprava\Kalk_test\Kalk_test.cpp(28,9): error C2059: chyba syntaxe: for
C:\Users\vojte\OneDrive - Západočeská univerzita v Plzni\Programing\C++\ZPEL_domaci_priprava\Kalk_test\Kalk_test.cpp(28,9): error C2143: Chyba syntaxe: Chybí ) před ;.
C:\Users\vojte\OneDrive - Západočeská univerzita v Plzni\Programing\C++\ZPEL_domaci_priprava\Kalk_test\Kalk_test.cpp(28,9): error C2238: neočekávané tokeny před: ;
C:\Users\vojte\OneDrive - Západočeská univerzita v Plzni\Programing\C++\ZPEL_domaci_priprava\Kalk_test\Kalk_test.cpp(28,27): error C2143: Chyba syntaxe: Chybí ; před <=.
C:\Users\vojte\OneDrive - Západočeská univerzita v Plzni\Programing\C++\ZPEL_domaci_priprava\Kalk_test\Kalk_test.cpp(28,27): error C4430: Chybějící specifikátor typu – předpokládá se typ int. Poznámka: C++ nepodporuje typ default-int.
C:\Users\vojte\OneDrive - Západočeská univerzita v Plzni\Programing\C++\ZPEL_domaci_priprava\Kalk_test\Kalk_test.cpp(28,31): error C2238: neočekávané tokeny před: ;
C:\Users\vojte\OneDrive - Západočeská univerzita v Plzni\Programing\C++\ZPEL_domaci_priprava\Kalk_test\Kalk_test.cpp(28,34): error C2143: Chyba syntaxe: Chybí ; před ++.
C:\Users\vojte\OneDrive - Západočeská univerzita v Plzni\Programing\C++\ZPEL_domaci_priprava\Kalk_test\Kalk_test.cpp(28,34): error C4430: Chybějící specifikátor typu – předpokládá se typ int. Poznámka: C++ nepodporuje typ default-int.
C:\Users\vojte\OneDrive - Západočeská univerzita v Plzni\Programing\C++\ZPEL_domaci_priprava\Kalk_test\Kalk_test.cpp(28,36): error C2059: chyba syntaxe: )
C:\Users\vojte\OneDrive - Západočeská univerzita v Plzni\Programing\C++\ZPEL_domaci_priprava\Kalk_test\Kalk_test.cpp(28,38): error C2334: Před: { jsou neočekávané tokeny; část, která vypadá jako tělo funkce, se přeskočí.
C:\Users\vojte\OneDrive - Západočeská univerzita v Plzni\Programing\C++\ZPEL_domaci_priprava\Kalk_test\Kalk_test.cpp(31,22): error C2059: chyba syntaxe: =
C:\Users\vojte\OneDrive - Západočeská univerzita v Plzni\Programing\C++\ZPEL_domaci_priprava\Kalk_test\Kalk_test.cpp(31,26): error C2238: neočekávané tokeny před: ;
C:\Users\vojte\OneDrive - Západočeská univerzita v Plzni\Programing\C++\ZPEL_domaci_priprava\Kalk_test\Kalk_test.cpp(34,5): error C2628: Zadání Euler, za kterým následuje void, je neplatné. (Nezapomněli jste zadat středník (;)?)
C:\Users\vojte\OneDrive - Západočeská univerzita v Plzni\Programing\C++\ZPEL_domaci_priprava\Kalk_test\Kalk_test.cpp(38,25): error C2355: this: Na tuto možnost se může odkazovat jenom v rámci členských funkcí, které nejsou statické, nebo v rámci inicializátorů datových členů, které nejsou statické.
C:\Users\vojte\OneDrive - Západočeská univerzita v Plzni\Programing\C++\ZPEL_domaci_priprava\Kalk_test\Kalk_test.cpp(39,27): error C2065: e: nedeklarovaný identifikátor
C:\Users\vojte\OneDrive - Západočeská univerzita v Plzni\Programing\C++\ZPEL_domaci_priprava\Kalk_test\Kalk_test.cpp(40,25): error C3861: faktorial: identifikátor se nenašel
C:\Users\vojte\OneDrive - Západočeská univerzita v Plzni\Programing\C++\ZPEL_domaci_priprava\Kalk_test\Kalk_test.cpp(41,22): error C2065: e: nedeklarovaný identifikátor
C:\Users\vojte\OneDrive - Západočeská univerzita v Plzni\Programing\C++\ZPEL_domaci_priprava\Kalk_test\Kalk_test.cpp(44,27): error C2065: e: nedeklarovaný identifikátor
C:\Users\vojte\OneDrive - Západočeská univerzita v Plzni\Programing\C++\ZPEL_domaci_priprava\Kalk_test\Kalk_test.cpp(44,25): error C2659: =: funkce jako levý operand
C:\Users\vojte\OneDrive - Západočeská univerzita v Plzni\Programing\C++\ZPEL_domaci_priprava\Kalk_test\Kalk_test.cpp(49,9): error C2065: rozdily: nedeklarovaný identifikátor
C:\Users\vojte\OneDrive - Západočeská univerzita v Plzni\Programing\C++\ZPEL_domaci_priprava\Kalk_test\Kalk_test.cpp(49,27): error C2065: vypocetCykly: nedeklarovaný identifikátor
C:\Users\vojte\OneDrive - Západočeská univerzita v Plzni\Programing\C++\ZPEL_domaci_priprava\Kalk_test\Kalk_test.cpp(50,9): error C2065: rozdily: nedeklarovaný identifikátor
C:\Users\vojte\OneDrive - Západočeská univerzita v Plzni\Programing\C++\ZPEL_domaci_priprava\Kalk_test\Kalk_test.cpp(50,42): error C2113: -: Ukazatel se dá odečíst jedině od jiného ukazatele.
C:\Users\vojte\OneDrive - Západočeská univerzita v Plzni\Programing\C++\ZPEL_domaci_priprava\Kalk_test\Kalk_test.cpp(54,59): error C2065: n: nedeklarovaný identifikátor
C:\Users\vojte\OneDrive - Západočeská univerzita v Plzni\Programing\C++\ZPEL_domaci_priprava\Kalk_test\Kalk_test.cpp(54,86): error C2065: vypocetCykly: nedeklarovaný identifikátor
C:\Users\vojte\OneDrive - Západočeská univerzita v Plzni\Programing\C++\ZPEL_domaci_priprava\Kalk_test\Kalk_test.cpp(55,64): error C2065: rozdily: nedeklarovaný identifikátor
C:\Users\vojte\OneDrive - Západočeská univerzita v Plzni\Programing\C++\ZPEL_domaci_priprava\Kalk_test\Kalk_test.cpp(56,64): error C2065: e: nedeklarovaný identifikátor
C:\Users\vojte\OneDrive - Západočeská univerzita v Plzni\Programing\C++\ZPEL_domaci_priprava\Kalk_test\Kalk_test.cpp(57,64): error C2065: rozdily: nedeklarovaný identifikátor
C:\Users\vojte\OneDrive - Západočeská univerzita v Plzni\Programing\C++\ZPEL_domaci_priprava\Kalk_test\Kalk_test.cpp(59,1): error C2059: chyba syntaxe: }
C:\Users\vojte\OneDrive - Západočeská univerzita v Plzni\Programing\C++\ZPEL_domaci_priprava\Kalk_test\Kalk_test.cpp(59,1): error C2143: Chyba syntaxe: Chybí ; před }.
C:\Users\vojte\OneDrive - Západočeská univerzita v Plzni\Programing\C++\ZPEL_domaci_priprava\Kalk_test\Kalk_test.cpp(65,10): error C2064: Termín se nevyhodnocuje na funkci s 0 argumenty.
C:\Users\vojte\OneDrive - Západočeská univerzita v Plzni\Programing\C++\ZPEL_domaci_priprava\Kalk_test\Kalk_test.cpp(66,10): error C2064: Termín se nevyhodnocuje na funkci s 0 argumenty.
C:\Users\vojte\OneDrive - Západočeská univerzita v Plzni\Programing\C++\ZPEL_domaci_priprava\Kalk_test\Kalk_test.cpp(67,11): error C2039: kontrola není členem: Euler.
C:\Users\vojte\OneDrive - Západočeská univerzita v Plzni\Programing\C++\ZPEL_domaci_priprava\Kalk_test\Kalk_test.cpp(3,7): message : viz deklarace: Euler
C:\Users\vojte\OneDrive - Západočeská univerzita v Plzni\Programing\C++\ZPEL_domaci_priprava\Kalk_test\Kalk_test.cpp(68,11): error C2039: vypisVysledky není členem: Euler.
C:\Users\vojte\OneDrive - Západočeská univerzita v Plzni\Programing\C++\ZPEL_domaci_priprava\Kalk_test\Kalk_test.cpp(3,7): message : viz deklarace: Euler
